<?xml version="1.0" encoding="UTF-8"?>
<testng-results skipped="0" failed="0" total="1" passed="1">
  <reporter-output>
  </reporter-output>
  <suite name="Suite" duration-ms="137999" started-at="2020-05-21T14:05:37Z" finished-at="2020-05-21T14:07:55Z">
    <groups>
    </groups>
    <test name="Test" duration-ms="137999" started-at="2020-05-21T14:05:37Z" finished-at="2020-05-21T14:07:55Z">
      <class name="com.test.controller.Runner2">
        <test-method status="PASS" signature="start()[pri:0, instance:com.test.controller.Runner2@7ac7a4e4]" name="start" duration-ms="137983" started-at="2020-05-21T19:35:37Z" finished-at="2020-05-21T19:37:55Z">
          <reporter-output>
          </reporter-output>
        </test-method> <!-- start -->
      </class> <!-- com.test.controller.Runner2 -->
    </test> <!-- Test -->
  </suite> <!-- Suite -->
</testng-results>
