<?xml version="1.0" encoding="UTF-8"?>
<testng-results skipped="0" failed="0" ignored="0" total="1" passed="1">
  <reporter-output>
  </reporter-output>
  <suite name="Default suite" duration-ms="138783" started-at="2020-05-21T12:03:57Z" finished-at="2020-05-21T12:06:16Z">
    <groups>
    </groups>
    <test name="Default test" duration-ms="138783" started-at="2020-05-21T12:03:57Z" finished-at="2020-05-21T12:06:16Z">
      <class name="com.test.controller.Runner2">
        <test-method status="PASS" signature="start()[pri:0, instance:com.test.controller.Runner2@527740a2]" name="start" duration-ms="138751" started-at="2020-05-21T17:33:57Z" finished-at="2020-05-21T17:36:16Z">
          <reporter-output>
          </reporter-output>
        </test-method> <!-- start -->
      </class> <!-- com.test.controller.Runner2 -->
    </test> <!-- Default test -->
  </suite> <!-- Default suite -->
</testng-results>
